app/build/intermediates/manifest_merge_blame_file/debug/manifest-merger-blame-debug-report.txt
1<?xml version="1.0" encoding="utf-8"?>
2<manifest xmlns:android="http://schemas.android.com/apk/res/android"
3    package="io.socialcast.android"
4    android:versionCode="1"
5    android:versionName="1.0" >
6
7    <uses-sdk
8        android:minSdkVersion="16"
8-->src\main\AndroidManifest.xml
9        android:targetSdkVersion="22" />
9-->src\main\AndroidManifest.xml
10
11    <uses-permission android:name="android.permission.INTERNET" />
11-->src\main\AndroidManifest.xml:5:5-67
11-->src\main\AndroidManifest.xml:5:22-64
12    <uses-permission android:name="android.permission.RECORD_AUDIO" />
12-->src\main\AndroidManifest.xml:6:5-71
12-->src\main\AndroidManifest.xml:6:22-68
13    <uses-permission android:name="android.permission.WRITE_EXTERNAL_STORAGE" />
13-->src\main\AndroidManifest.xml:7:5-81
13-->src\main\AndroidManifest.xml:7:22-78
14    <uses-permission android:name="android.permission.ACCESS_NETWORK_STATE" />
14-->src\main\AndroidManifest.xml:8:5-79
14-->src\main\AndroidManifest.xml:8:22-76
15
16    <!-- Permissions required for GCM -->
17    <uses-permission android:name="com.google.android.c2dm.permission.RECEIVE" />
17-->[com.google.android.gms:play-services-gcm:7.8.0] AndroidManifest.xml:21:5-82
17-->[com.google.android.gms:play-services-gcm:7.8.0] AndroidManifest.xml:21:22-79
18    <uses-permission android:name="android.permission.GET_ACCOUNTS" />
18-->[com.google.android.gms:play-services-wallet:7.8.0] AndroidManifest.xml:21:5-70
18-->[com.google.android.gms:play-services-wallet:7.8.0] AndroidManifest.xml:21:22-68
19    <uses-permission android:name="android.permission.USE_CREDENTIALS" />
19-->[com.google.android.gms:play-services-wallet:7.8.0] AndroidManifest.xml:22:5-73
19-->[com.google.android.gms:play-services-wallet:7.8.0] AndroidManifest.xml:22:22-71
20
21    <uses-feature
21-->[com.google.android.gms:play-services-maps:7.8.0] AndroidManifest.xml:23:5-25:33
22        android:glEsVersion="0x00020000"
22-->[com.google.android.gms:play-services-maps:7.8.0] AndroidManifest.xml:24:8-40
23        android:required="true" />
23-->[com.google.android.gms:play-services-maps:7.8.0] AndroidManifest.xml:25:8-31
24
25    <uses-permission android:name="android.permission.READ_EXTERNAL_STORAGE" />
26
27    <application
27-->src\main\AndroidManifest.xml:10:5-27:19
28        android:name="ice.caster.android.App"
28-->src\main\AndroidManifest.xml:11:9-28
29        android:allowBackup="true"
29-->src\main\AndroidManifest.xml:12:9-35
30        android:debuggable="true"
31        android:icon="@drawable/ic_mic"
31-->src\main\AndroidManifest.xml:13:9-40
32        android:label="@string/app_name"
32-->src\main\AndroidManifest.xml:14:9-41
33        android:testOnly="true"
34        android:theme="@style/AppTheme" >
34-->src\main\AndroidManifest.xml:15:9-40
35        <activity android:name="ice.caster.android.view.configuration" />
35-->src\main\AndroidManifest.xml:16:9-65
35-->src\main\AndroidManifest.xml:16:19-53
36        <activity
36-->src\main\AndroidManifest.xml:17:9-26:20
37            android:name="ice.caster.android.view.MainActivity"
37-->src\main\AndroidManifest.xml:18:13-46
38            android:label="@string/app_name"
38-->src\main\AndroidManifest.xml:19:13-45
39            android:screenOrientation="portrait" >
39-->src\main\AndroidManifest.xml:20:13-49
40            <intent-filter>
40-->src\main\AndroidManifest.xml:21:13-25:29
41                <action android:name="android.intent.action.MAIN" />
41-->src\main\AndroidManifest.xml:22:17-69
41-->src\main\AndroidManifest.xml:22:25-66
42
43                <category android:name="android.intent.category.LAUNCHER" />
43-->src\main\AndroidManifest.xml:24:17-77
43-->src\main\AndroidManifest.xml:24:27-74
44            </intent-filter>
45        </activity>
46        <!-- Include the AdActivity and InAppPurchaseActivity configChanges and themes. -->
47        <activity
47-->[com.google.android.gms:play-services-ads:7.8.0] AndroidManifest.xml:26:9-29:64
48            android:name="com.google.android.gms.ads.AdActivity"
48-->[com.google.android.gms:play-services-ads:7.8.0] AndroidManifest.xml:27:13-65
49            android:configChanges="keyboard|keyboardHidden|orientation|screenLayout|uiMode|screenSize|smallestScreenSize"
49-->[com.google.android.gms:play-services-ads:7.8.0] AndroidManifest.xml:28:13-122
50            android:theme="@android:style/Theme.Translucent" />
50-->[com.google.android.gms:play-services-ads:7.8.0] AndroidManifest.xml:29:13-61
51        <activity
51-->[com.google.android.gms:play-services-ads:7.8.0] AndroidManifest.xml:30:9-31:52
52            android:name="com.google.android.gms.ads.purchase.InAppPurchaseActivity"
52-->[com.google.android.gms:play-services-ads:7.8.0] AndroidManifest.xml:30:19-91
53            android:theme="@style/Theme.IAPTheme" />
53-->[com.google.android.gms:play-services-ads:7.8.0] AndroidManifest.xml:31:13-50
54
55        <meta-data
55-->[com.google.android.gms:play-services-base:7.8.0] AndroidManifest.xml:21:9-23:69
56            android:name="com.google.android.gms.version"
56-->[com.google.android.gms:play-services-base:7.8.0] AndroidManifest.xml:22:13-58
57            android:value="@integer/google_play_services_version" />
57-->[com.google.android.gms:play-services-base:7.8.0] AndroidManifest.xml:23:13-66
58    </application>
59
60</manifest>